C51 COMPILER V9.60.0.0   ABC                                                               01/19/2021 13:03:18 PAGE 1   


C51 COMPILER V9.60.0.0, COMPILATION OF MODULE ABC
OBJECT MODULE PLACED IN .\Objects\ABC.obj
COMPILER INVOKED BY: C:\Keil_v5\C51\BIN\C51.EXE ABC.c OPTIMIZE(8,SPEED) BROWSE DEBUG OBJECTEXTEND PRINT(.\Listings\ABC.l
                    -st) TABS(2) OBJECT(.\Objects\ABC.obj)

line level    source

   1          // password based door lock system in 8051 microprocessor
   2          
   3          #include <reg51.h>
   4          
   5          // connected pins
   6          // keypad rows
   7          sbit keyrow1 = P2 ^ 0;
   8          sbit keyrow2 = P2 ^ 1;
   9          sbit keyrow3 = P2 ^ 2;
  10          sbit keyrow4 = P2 ^ 3;
  11          //keypad column
  12          sbit keycolumn1 = P3 ^ 0;
  13          sbit keycolumn2 = P3 ^ 1;
  14          sbit keycolumn3 = P3 ^ 2;
  15          
  16          // motor pins
  17          sbit motorpin1 = P3 ^ 3;
  18          sbit motorpin2 = P3 ^ 4;
  19          
  20          // led pins
  21          sbit rs = P3 ^ 5;
  22          sbit rw = P3 ^ 6;
  23          sbit en = P3 ^ 7;
  24          
  25          //functions
  26          void lcdcmd(unsigned char);
  27          void lcddat(unsigned char);
  28          void lcddisplay(unsigned char *q);
  29          char keypad();
  30          void check();
  31          void delay(unsigned int);
  32          unsigned char pin[] = {"12345"};
  33          unsigned char Epin[5];
  34          
  35          // main function
  36          void main()
  37          {
  38   1          lcdcmd(0x0F); //decimal value: 15
  39   1          lcdcmd(0x38); //decimal value: 56
  40   1          lcdcmd(0x01); //decimal value: 1
  41   1      
  42   1          while (1)
  43   1          {
  44   2              unsigned int i = 0;
  45   2              lcdcmd(0x80); //decimal value: 128
  46   2              lcddisplay("ENTER PIN ");
  47   2              delay(1000);
  48   2              lcdcmd(0xc0); //decimal value: 192
  49   2              while (pin[i] != '\0')
  50   2              {
  51   3                  Epin[i] = keypad();
  52   3                  delay(1000);
  53   3                  i++;
  54   3              }
C51 COMPILER V9.60.0.0   ABC                                                               01/19/2021 13:03:18 PAGE 2   

  55   2              check();
  56   2          }
  57   1      }
  58          
  59          //delay function
  60          void delay(unsigned int j)
  61          {
  62   1          int a, b;
  63   1          for (a = 0; a < j; a++)
  64   1          {
  65   2              for (b = 0; b < 10; b++)
  66   2                  ;
  67   2          }
  68   1      }
  69          
  70          // lcd commands functions
  71          void lcdcmd(unsigned char A)
  72          {
  73   1          P1 = A;
  74   1          rs = 0;
  75   1          rw = 0;
  76   1          en = 1;
  77   1          delay(1000);
  78   1          en = 0;
  79   1      }
  80          
  81          //lcd data function
  82          
  83          void lcddat(unsigned char i)
  84          {
  85   1          P1 = i;
  86   1          rs = 1;
  87   1          rw = 0;
  88   1          en = 1;
  89   1          delay(1000);
  90   1          en = 0;
  91   1      }
  92          
  93          //lcd display charecters function
  94          
  95          void lcddisplay(unsigned char *q)
  96          {
  97   1          int k;
  98   1          for (k = 0; q[k] != '\0'; k++)
  99   1          {
 100   2              lcddat(q[k]);
 101   2          }
 102   1          delay(10000);
 103   1      }
 104          
 105          // assign keypad character value function
 106          
 107          char keypad()
 108          {
 109   1          int x = 0;
 110   1          while (x == 0)
 111   1          {
 112   2              // assign values for first row
 113   2              keyrow1 = 0;
 114   2              keyrow2 = 1;
 115   2              keyrow3 = 1;
 116   2              keyrow4 = 1;
C51 COMPILER V9.60.0.0   ABC                                                               01/19/2021 13:03:18 PAGE 3   

 117   2              if (keycolumn1 == 0)
 118   2              {
 119   3                  lcddat('*');
 120   3                  delay(1000);
 121   3                  x = 1;
 122   3                  return '1';
 123   3              }
 124   2              if (keycolumn2 == 0)
 125   2              {
 126   3                  lcddat('*');
 127   3                  delay(1000);
 128   3                  x = 1;
 129   3                  return '2';
 130   3              }
 131   2              if (keycolumn3 == 0)
 132   2              {
 133   3                  lcddat('*');
 134   3                  delay(1000);
 135   3                  x = 1;
 136   3                  return '3';
 137   3              }
 138   2              // assign values for second row
 139   2              keyrow1 = 1;
 140   2              keyrow2 = 0;
 141   2              keyrow3 = 1;
 142   2              keyrow4 = 1;
 143   2      
 144   2              if (keycolumn1 == 0)
 145   2              {
 146   3                  lcddat('*');
 147   3                  delay(1000);
 148   3                  x = 1;
 149   3                  return '4';
 150   3              }
 151   2              if (keycolumn2 == 0)
 152   2              {
 153   3                  lcddat('*');
 154   3                  delay(1000);
 155   3                  x = 1;
 156   3                  return '5';
 157   3              }
 158   2              if (keycolumn3 == 0)
 159   2              {
 160   3                  lcddat('*');
 161   3                  delay(1000);
 162   3                  x = 1;
 163   3                  return '6';
 164   3              }
 165   2      
 166   2              // assign values for third row
 167   2              keyrow1 = 1;
 168   2              keyrow2 = 1;
 169   2              keyrow3 = 0;
 170   2              keyrow4 = 1;
 171   2              if (keycolumn1 == 0)
 172   2              {
 173   3                  lcddat('*');
 174   3                  delay(1000);
 175   3                  x = 1;
 176   3                  return '7';
 177   3              }
 178   2              if (keycolumn2 == 0)
C51 COMPILER V9.60.0.0   ABC                                                               01/19/2021 13:03:18 PAGE 4   

 179   2              {
 180   3                  lcddat('*');
 181   3                  delay(1000);
 182   3                  x = 1;
 183   3                  return '8';
 184   3              }
 185   2              if (keycolumn3 == 0)
 186   2              {
 187   3                  lcddat('*');
 188   3                  delay(1000);
 189   3                  x = 1;
 190   3                  return '9';
 191   3              }
 192   2      
 193   2              // assign values for forth row
 194   2              keyrow1 = 1;
 195   2              keyrow2 = 1;
 196   2              keyrow3 = 1;
 197   2              keyrow4 = 0;
 198   2      
 199   2              if (keycolumn1 == 0)
 200   2              {
 201   3                  lcddat('*');
 202   3                  delay(1000);
 203   3                  x = 1;
 204   3                  return '*';
 205   3              }
 206   2              if (keycolumn2 == 0)
 207   2              {
 208   3                  lcddat('*');
 209   3                  delay(1000);
 210   3                  x = 1;
 211   3                  return '0';
 212   3              }
 213   2              if (keycolumn3 == 0)
 214   2              {
 215   3                  lcddat('*');
 216   3                  delay(1000);
 217   3                  x = 1;
 218   3                  return '#';
 219   3              }
 220   2          }
 221   1      }
 222          
 223          // password check function and run the door motor
 224          
 225          void check()
 226          {
 227   1          //  compare the input value with the assign password value
 228   1          if (pin[0] == Epin[0] && pin[1] == Epin[1] && pin[2] == Epin[2] && pin[3] == Epin[3] && pin[4] == Epin
             -[4])
 229   1          {
 230   2              delay(1000);
 231   2              lcdcmd(0x01); //decimal value: 1
 232   2              lcdcmd(0x81); //decimal value: 129
 233   2              // show pin is correct
 234   2              lcddisplay("PIN CORRECT");
 235   2              delay(1000);
 236   2              // door motor will run
 237   2              motorpin1 = 1;
 238   2              motorpin2 = 0;
 239   2              lcdcmd(0xc1); //decimal value: 193
C51 COMPILER V9.60.0.0   ABC                                                               01/19/2021 13:03:18 PAGE 5   

 240   2              // show the door is unlocked
 241   2              lcddisplay("DOOR OPENED");
 242   2              delay(10000);
 243   2              motorpin1 = 1;
 244   2              motorpin2 = 0;
 245   2              lcdcmd(0x01); //decimal value: 1
 246   2          }
 247   1          else
 248   1          {
 249   2              lcdcmd(0x01); //decimal value: 1
 250   2              lcdcmd(0x80); //decimal value: 128
 251   2              lcddisplay("WRONG PIN");
 252   2              delay(1000);
 253   2              lcdcmd(0x01); //decimal value: 1
 254   2          }
 255   1      }
 256          
 257          // end
*** WARNING C291 IN LINE 221 OF ABC.c: not every exit path returns a value


MODULE INFORMATION:   STATIC OVERLAYABLE
   CODE SIZE        =    463    ----
   CONSTANT SIZE    =     45    ----
   XDATA SIZE       =   ----    ----
   PDATA SIZE       =   ----    ----
   DATA SIZE        =     11       7
   IDATA SIZE       =   ----    ----
   BIT SIZE         =   ----    ----
END OF MODULE INFORMATION.


C51 COMPILATION COMPLETE.  1 WARNING(S),  0 ERROR(S)
